
*** Running vivado
    with args -log TOP.vds -m64 -product Vivado -mode batch -messageDb vivado.pb -notrace -source TOP.tcl



****** Vivado v2022.2 (64-bit)
  **** SW Build 3671981 on Fri Oct 14 05:00:03 MDT 2022
  **** IP Build 3669848 on Fri Oct 14 08:30:02 MDT 2022
    ** Copyright 1986-2022 Xilinx, Inc. All Rights Reserved.

source TOP.tcl -notrace
create_project: Time (s): cpu = 00:00:05 ; elapsed = 00:00:05 . Memory (MB): peak = 429.379 ; gain = 103.523
Command: read_checkpoint -auto_incremental -incremental D:/Data/Projects/Embedded/Xilinx/G_lm75b/G_lm75b.srcs/utils_1/imports/synth_1/TOP.dcp
INFO: [Vivado 12-5825] Read reference checkpoint from D:/Data/Projects/Embedded/Xilinx/G_lm75b/G_lm75b.srcs/utils_1/imports/synth_1/TOP.dcp for incremental synthesis
INFO: [Vivado 12-7989] Please ensure there are no constraint changes
Command: synth_design -top TOP -part xc7a35tcpg236-1
Starting synth_design
Attempting to get a license for feature 'Synthesis' and/or device 'xc7a35t'
INFO: [Common 17-349] Got license for feature 'Synthesis' and/or device 'xc7a35t'
INFO: [Device 21-403] Loading part xc7a35tcpg236-1
INFO: [Designutils 20-5440] No compile time benefit to using incremental synthesis; A full resynthesis will be run
INFO: [Designutils 20-4379] Flow is switching to default flow due to incremental criteria not met. If you would like to alter this behaviour and have the flow terminate instead, please set the following parameter config_implementation {autoIncr.Synth.RejectBehavior Terminate}
INFO: [Synth 8-7079] Multithreading enabled for synth_design using a maximum of 2 processes.
INFO: [Synth 8-7078] Launching helper process for spawning children vivado processes
INFO: [Synth 8-7075] Helper process launched with PID 1592
INFO: [Synth 8-11241] undeclared symbol 'REGCCE', assumed default net type 'wire' [C:/Prog/xilinx/Vivado/2022.2/data/verilog/src/unimacro/BRAM_SINGLE_MACRO.v:2170]
---------------------------------------------------------------------------------
Starting RTL Elaboration : Time (s): cpu = 00:00:04 ; elapsed = 00:00:04 . Memory (MB): peak = 1238.656 ; gain = 408.965
---------------------------------------------------------------------------------
INFO: [Synth 8-638] synthesizing module 'TOP' [D:/Data/Projects/Embedded/Xilinx/G_lm75b/G_lm75b.srcs/sources_1/new/lm75b.vhd:22]
	Parameter CLKFREQ bound to: 100000000 - type: integer 
	Parameter I2C_BUS_CLK bound to: 400000 - type: integer 
	Parameter DEVICE_ADDR bound to: 7'b1001000 
INFO: [Synth 8-3491] module 'lm75b_t' declared at 'D:/Data/Projects/Embedded/Xilinx/G_lm75b/G_lm75b.srcs/sources_1/new/lm75b_t.vhd:6' bound to instance 'lm75b_i' of component 'lm75b_t' [D:/Data/Projects/Embedded/Xilinx/G_lm75b/G_lm75b.srcs/sources_1/new/lm75b.vhd:68]
INFO: [Synth 8-638] synthesizing module 'lm75b_t' [D:/Data/Projects/Embedded/Xilinx/G_lm75b/G_lm75b.srcs/sources_1/new/lm75b_t.vhd:22]
	Parameter CLKFREQ bound to: 100000000 - type: integer 
	Parameter I2C_BUS_CLK bound to: 400000 - type: integer 
	Parameter DEVICE_ADDR bound to: 7'b1001000 
	Parameter INPUT_CLK bound to: 100000000 - type: integer 
	Parameter BUS_CLK bound to: 400000 - type: integer 
INFO: [Synth 8-3491] module 'i2c_master' declared at 'D:/Data/Projects/Embedded/Xilinx/G_lm75b/G_lm75b.srcs/sources_1/new/i2c_master.vhd:5' bound to instance 'i2c_master_inst' of component 'I2C_MASTER' [D:/Data/Projects/Embedded/Xilinx/G_lm75b/G_lm75b.srcs/sources_1/new/lm75b_t.vhd:73]
INFO: [Synth 8-638] synthesizing module 'i2c_master' [D:/Data/Projects/Embedded/Xilinx/G_lm75b/G_lm75b.srcs/sources_1/new/i2c_master.vhd:25]
	Parameter input_clk bound to: 100000000 - type: integer 
	Parameter bus_clk bound to: 400000 - type: integer 
INFO: [Synth 8-256] done synthesizing module 'i2c_master' (0#1) [D:/Data/Projects/Embedded/Xilinx/G_lm75b/G_lm75b.srcs/sources_1/new/i2c_master.vhd:25]
INFO: [Synth 8-256] done synthesizing module 'lm75b_t' (0#1) [D:/Data/Projects/Embedded/Xilinx/G_lm75b/G_lm75b.srcs/sources_1/new/lm75b_t.vhd:22]
	Parameter CLK_FREQ bound to: 100000000 - type: integer 
	Parameter BAUD bound to: 115200 - type: integer 
	Parameter DBIT bound to: 8 - type: integer 
	Parameter SB_TICK bound to: 1 - type: integer 
INFO: [Synth 8-3491] module 'UART_TX' declared at 'D:/Data/Projects/Embedded/Xilinx/G_lm75b/G_lm75b.srcs/sources_1/new/UART_TX.vhd:4' bound to instance 'UART_TX_i' of component 'UART_TX' [D:/Data/Projects/Embedded/Xilinx/G_lm75b/G_lm75b.srcs/sources_1/new/lm75b.vhd:83]
INFO: [Synth 8-638] synthesizing module 'UART_TX' [D:/Data/Projects/Embedded/Xilinx/G_lm75b/G_lm75b.srcs/sources_1/new/UART_TX.vhd:20]
	Parameter CLK_FREQ bound to: 100000000 - type: integer 
	Parameter BAUD bound to: 115200 - type: integer 
	Parameter DBIT bound to: 8 - type: integer 
	Parameter SB_TICK bound to: 1 - type: integer 
INFO: [Synth 8-256] done synthesizing module 'UART_TX' (0#1) [D:/Data/Projects/Embedded/Xilinx/G_lm75b/G_lm75b.srcs/sources_1/new/UART_TX.vhd:20]
INFO: [Synth 8-256] done synthesizing module 'TOP' (0#1) [D:/Data/Projects/Embedded/Xilinx/G_lm75b/G_lm75b.srcs/sources_1/new/lm75b.vhd:22]
WARNING: [Synth 8-7129] Port LED[15] in module TOP is either unconnected or has no load
WARNING: [Synth 8-7129] Port LED[14] in module TOP is either unconnected or has no load
WARNING: [Synth 8-7129] Port LED[13] in module TOP is either unconnected or has no load
WARNING: [Synth 8-7129] Port LED[12] in module TOP is either unconnected or has no load
---------------------------------------------------------------------------------
Finished RTL Elaboration : Time (s): cpu = 00:00:05 ; elapsed = 00:00:05 . Memory (MB): peak = 1334.293 ; gain = 504.602
---------------------------------------------------------------------------------
---------------------------------------------------------------------------------
Start Handling Custom Attributes
---------------------------------------------------------------------------------
---------------------------------------------------------------------------------
Finished Handling Custom Attributes : Time (s): cpu = 00:00:05 ; elapsed = 00:00:06 . Memory (MB): peak = 1334.293 ; gain = 504.602
---------------------------------------------------------------------------------
---------------------------------------------------------------------------------
Finished RTL Optimization Phase 1 : Time (s): cpu = 00:00:05 ; elapsed = 00:00:06 . Memory (MB): peak = 1334.293 ; gain = 504.602
---------------------------------------------------------------------------------
Netlist sorting complete. Time (s): cpu = 00:00:00 ; elapsed = 00:00:00.004 . Memory (MB): peak = 1334.293 ; gain = 0.000
INFO: [Project 1-570] Preparing netlist for logic optimization

Processing XDC Constraints
Initializing timing engine
Parsing XDC File [D:/Data/Projects/Embedded/Xilinx/G_lm75b/G_lm75b.srcs/constrs_1/imports/Document/Basys3_Master.xdc]
Finished Parsing XDC File [D:/Data/Projects/Embedded/Xilinx/G_lm75b/G_lm75b.srcs/constrs_1/imports/Document/Basys3_Master.xdc]
INFO: [Project 1-236] Implementation specific constraints were found while reading constraint file [D:/Data/Projects/Embedded/Xilinx/G_lm75b/G_lm75b.srcs/constrs_1/imports/Document/Basys3_Master.xdc]. These constraints will be ignored for synthesis but will be used in implementation. Impacted constraints are listed in the file [.Xil/TOP_propImpl.xdc].
Resolution: To avoid this warning, move constraints listed in [.Xil/TOP_propImpl.xdc] to another XDC file and exclude this new file from synthesis with the used_in_synthesis property (File Properties dialog in GUI) and re-run elaboration/synthesis.
Completed Processing XDC Constraints

Netlist sorting complete. Time (s): cpu = 00:00:00 ; elapsed = 00:00:00 . Memory (MB): peak = 1437.168 ; gain = 0.000
INFO: [Project 1-111] Unisim Transformation Summary:
No Unisim elements were transformed.

Constraint Validation Runtime : Time (s): cpu = 00:00:00 ; elapsed = 00:00:00.004 . Memory (MB): peak = 1437.168 ; gain = 0.000
INFO: [Designutils 20-5440] No compile time benefit to using incremental synthesis; A full resynthesis will be run
INFO: [Designutils 20-4379] Flow is switching to default flow due to incremental criteria not met. If you would like to alter this behaviour and have the flow terminate instead, please set the following parameter config_implementation {autoIncr.Synth.RejectBehavior Terminate}
INFO: [Synth 8-11241] undeclared symbol 'REGCCE', assumed default net type 'wire' [C:/Prog/xilinx/Vivado/2022.2/data/verilog/src/unimacro/BRAM_SINGLE_MACRO.v:2170]
---------------------------------------------------------------------------------
Finished Constraint Validation : Time (s): cpu = 00:00:10 ; elapsed = 00:00:12 . Memory (MB): peak = 1437.168 ; gain = 607.477
---------------------------------------------------------------------------------
---------------------------------------------------------------------------------
Start Loading Part and Timing Information
---------------------------------------------------------------------------------
Loading part: xc7a35tcpg236-1
---------------------------------------------------------------------------------
Finished Loading Part and Timing Information : Time (s): cpu = 00:00:10 ; elapsed = 00:00:12 . Memory (MB): peak = 1437.168 ; gain = 607.477
---------------------------------------------------------------------------------
---------------------------------------------------------------------------------
Start Applying 'set_property' XDC Constraints
---------------------------------------------------------------------------------
---------------------------------------------------------------------------------
Finished applying 'set_property' XDC Constraints : Time (s): cpu = 00:00:10 ; elapsed = 00:00:12 . Memory (MB): peak = 1437.168 ; gain = 607.477
---------------------------------------------------------------------------------
INFO: [Synth 8-802] inferred FSM for state register 'state_reg' in module 'i2c_master'
INFO: [Synth 8-802] inferred FSM for state register 'state_reg' in module 'UART_TX'
---------------------------------------------------------------------------------------------------
                   State |                     New Encoding |                Previous Encoding 
---------------------------------------------------------------------------------------------------
                   ready |                        000000001 |                             0000
                   start |                        000000010 |                             0001
                 command |                        000000100 |                             0010
                slv_ack1 |                        000001000 |                             0011
                      wr |                        000010000 |                             0100
                slv_ack2 |                        000100000 |                             0110
                      rd |                        001000000 |                             0101
                mstr_ack |                        010000000 |                             0111
                    stop |                        100000000 |                             1000
---------------------------------------------------------------------------------------------------
INFO: [Synth 8-3354] encoded FSM with state register 'state_reg' using encoding 'one-hot' in module 'i2c_master'
---------------------------------------------------------------------------------------------------
                   State |                     New Encoding |                Previous Encoding 
---------------------------------------------------------------------------------------------------
                    idle |                               00 |                               00
                   start |                               01 |                               01
                    data |                               10 |                               10
                    stop |                               11 |                               11
---------------------------------------------------------------------------------------------------
INFO: [Synth 8-3354] encoded FSM with state register 'state_reg' using encoding 'sequential' in module 'UART_TX'
---------------------------------------------------------------------------------
Finished RTL Optimization Phase 2 : Time (s): cpu = 00:00:11 ; elapsed = 00:00:13 . Memory (MB): peak = 1437.168 ; gain = 607.477
---------------------------------------------------------------------------------
---------------------------------------------------------------------------------
Start RTL Component Statistics 
---------------------------------------------------------------------------------
Detailed RTL Component Info : 
+---Adders : 
	   2 Input   25 Bit       Adders := 1     
	   2 Input   10 Bit       Adders := 1     
	   2 Input    8 Bit       Adders := 3     
	   2 Input    4 Bit       Adders := 1     
	   2 Input    3 Bit       Adders := 2     
+---Registers : 
	               25 Bit    Registers := 1     
	               11 Bit    Registers := 1     
	               10 Bit    Registers := 1     
	                8 Bit    Registers := 10    
	                3 Bit    Registers := 2     
	                1 Bit    Registers := 19    
+---Muxes : 
	   2 Input   11 Bit        Muxes := 3     
	   4 Input   10 Bit        Muxes := 1     
	   9 Input    9 Bit        Muxes := 1     
	   2 Input    9 Bit        Muxes := 9     
	   2 Input    8 Bit        Muxes := 12    
	   6 Input    8 Bit        Muxes := 1     
	   4 Input    8 Bit        Muxes := 2     
	   2 Input    3 Bit        Muxes := 3     
	   4 Input    3 Bit        Muxes := 1     
	   4 Input    2 Bit        Muxes := 1     
	   4 Input    1 Bit        Muxes := 11    
	   2 Input    1 Bit        Muxes := 44    
	   3 Input    1 Bit        Muxes := 2     
	   9 Input    1 Bit        Muxes := 7     
	   6 Input    1 Bit        Muxes := 3     
---------------------------------------------------------------------------------
Finished RTL Component Statistics 
---------------------------------------------------------------------------------
---------------------------------------------------------------------------------
Start Part Resource Summary
---------------------------------------------------------------------------------
Part Resources:
DSPs: 90 (col length:60)
BRAMs: 100 (col length: RAMB18 60 RAMB36 30)
---------------------------------------------------------------------------------
Finished Part Resource Summary
---------------------------------------------------------------------------------
---------------------------------------------------------------------------------
Start Cross Boundary and Area Optimization
---------------------------------------------------------------------------------
WARNING: [Synth 8-7080] Parallel synthesis criteria is not met
WARNING: [Synth 8-7129] Port LED[15] in module TOP is either unconnected or has no load
WARNING: [Synth 8-7129] Port LED[14] in module TOP is either unconnected or has no load
WARNING: [Synth 8-7129] Port LED[13] in module TOP is either unconnected or has no load
WARNING: [Synth 8-7129] Port LED[12] in module TOP is either unconnected or has no load
---------------------------------------------------------------------------------
Finished Cross Boundary and Area Optimization : Time (s): cpu = 00:00:13 ; elapsed = 00:00:16 . Memory (MB): peak = 1437.168 ; gain = 607.477
---------------------------------------------------------------------------------
---------------------------------------------------------------------------------
Start Applying XDC Timing Constraints
---------------------------------------------------------------------------------
---------------------------------------------------------------------------------
Finished Applying XDC Timing Constraints : Time (s): cpu = 00:00:17 ; elapsed = 00:00:20 . Memory (MB): peak = 1437.168 ; gain = 607.477
---------------------------------------------------------------------------------
---------------------------------------------------------------------------------
Start Timing Optimization
---------------------------------------------------------------------------------
---------------------------------------------------------------------------------
Finished Timing Optimization : Time (s): cpu = 00:00:17 ; elapsed = 00:00:20 . Memory (MB): peak = 1437.168 ; gain = 607.477
---------------------------------------------------------------------------------
---------------------------------------------------------------------------------
Start Technology Mapping
---------------------------------------------------------------------------------
---------------------------------------------------------------------------------
Finished Technology Mapping : Time (s): cpu = 00:00:17 ; elapsed = 00:00:21 . Memory (MB): peak = 1437.168 ; gain = 607.477
---------------------------------------------------------------------------------
---------------------------------------------------------------------------------
Start IO Insertion
---------------------------------------------------------------------------------
---------------------------------------------------------------------------------
Start Flattening Before IO Insertion
---------------------------------------------------------------------------------
---------------------------------------------------------------------------------
Finished Flattening Before IO Insertion
---------------------------------------------------------------------------------
---------------------------------------------------------------------------------
Start Final Netlist Cleanup
---------------------------------------------------------------------------------
---------------------------------------------------------------------------------
Finished Final Netlist Cleanup
---------------------------------------------------------------------------------
---------------------------------------------------------------------------------
Finished IO Insertion : Time (s): cpu = 00:00:20 ; elapsed = 00:00:24 . Memory (MB): peak = 1437.168 ; gain = 607.477
---------------------------------------------------------------------------------
---------------------------------------------------------------------------------
Start Renaming Generated Instances
---------------------------------------------------------------------------------
---------------------------------------------------------------------------------
Finished Renaming Generated Instances : Time (s): cpu = 00:00:20 ; elapsed = 00:00:24 . Memory (MB): peak = 1437.168 ; gain = 607.477
---------------------------------------------------------------------------------
---------------------------------------------------------------------------------
Start Rebuilding User Hierarchy
---------------------------------------------------------------------------------
---------------------------------------------------------------------------------
Finished Rebuilding User Hierarchy : Time (s): cpu = 00:00:20 ; elapsed = 00:00:24 . Memory (MB): peak = 1437.168 ; gain = 607.477
---------------------------------------------------------------------------------
---------------------------------------------------------------------------------
Start Renaming Generated Ports
---------------------------------------------------------------------------------
---------------------------------------------------------------------------------
Finished Renaming Generated Ports : Time (s): cpu = 00:00:20 ; elapsed = 00:00:24 . Memory (MB): peak = 1437.168 ; gain = 607.477
---------------------------------------------------------------------------------
---------------------------------------------------------------------------------
Start Handling Custom Attributes
---------------------------------------------------------------------------------
---------------------------------------------------------------------------------
Finished Handling Custom Attributes : Time (s): cpu = 00:00:20 ; elapsed = 00:00:24 . Memory (MB): peak = 1437.168 ; gain = 607.477
---------------------------------------------------------------------------------
---------------------------------------------------------------------------------
Start Renaming Generated Nets
---------------------------------------------------------------------------------
---------------------------------------------------------------------------------
Finished Renaming Generated Nets : Time (s): cpu = 00:00:20 ; elapsed = 00:00:24 . Memory (MB): peak = 1437.168 ; gain = 607.477
---------------------------------------------------------------------------------
---------------------------------------------------------------------------------
Start Writing Synthesis Report
---------------------------------------------------------------------------------

Report BlackBoxes: 
+-+--------------+----------+
| |BlackBox name |Instances |
+-+--------------+----------+
+-+--------------+----------+

Report Cell Usage: 
+------+-------+------+
|      |Cell   |Count |
+------+-------+------+
|1     |BUFG   |     1|
|2     |CARRY4 |     6|
|3     |LUT1   |     4|
|4     |LUT2   |    18|
|5     |LUT3   |    38|
|6     |LUT4   |    24|
|7     |LUT5   |    37|
|8     |LUT6   |    57|
|9     |FDCE   |    27|
|10    |FDPE   |     5|
|11    |FDRE   |   116|
|12    |FDSE   |     6|
|13    |IBUF   |     2|
|14    |IOBUF  |     2|
|15    |OBUF   |    13|
|16    |OBUFT  |     4|
+------+-------+------+
---------------------------------------------------------------------------------
Finished Writing Synthesis Report : Time (s): cpu = 00:00:20 ; elapsed = 00:00:24 . Memory (MB): peak = 1437.168 ; gain = 607.477
---------------------------------------------------------------------------------
Synthesis finished with 0 errors, 0 critical warnings and 5 warnings.
Synthesis Optimization Runtime : Time (s): cpu = 00:00:13 ; elapsed = 00:00:23 . Memory (MB): peak = 1437.168 ; gain = 504.602
Synthesis Optimization Complete : Time (s): cpu = 00:00:20 ; elapsed = 00:00:24 . Memory (MB): peak = 1437.168 ; gain = 607.477
INFO: [Project 1-571] Translating synthesized netlist
Netlist sorting complete. Time (s): cpu = 00:00:00 ; elapsed = 00:00:00.003 . Memory (MB): peak = 1437.168 ; gain = 0.000
INFO: [Netlist 29-17] Analyzing 8 Unisim elements for replacement
INFO: [Netlist 29-28] Unisim Transformation completed in 0 CPU seconds
INFO: [Project 1-570] Preparing netlist for logic optimization
INFO: [Opt 31-138] Pushed 0 inverter(s) to 0 load pin(s).
Netlist sorting complete. Time (s): cpu = 00:00:00 ; elapsed = 00:00:00 . Memory (MB): peak = 1437.168 ; gain = 0.000
INFO: [Project 1-111] Unisim Transformation Summary:
  A total of 2 instances were transformed.
  IOBUF => IOBUF (IBUF, OBUFT): 2 instances

Synth Design complete, checksum: 3003aba9
INFO: [Common 17-83] Releasing license: Synthesis
38 Infos, 9 Warnings, 0 Critical Warnings and 0 Errors encountered.
synth_design completed successfully
synth_design: Time (s): cpu = 00:00:23 ; elapsed = 00:00:29 . Memory (MB): peak = 1437.168 ; gain = 983.898
INFO: [Common 17-1381] The checkpoint 'D:/Data/Projects/Embedded/Xilinx/G_lm75b/G_lm75b.runs/synth_1/TOP.dcp' has been generated.
INFO: [runtcl-4] Executing : report_utilization -file TOP_utilization_synth.rpt -pb TOP_utilization_synth.pb
INFO: [Common 17-206] Exiting Vivado at Thu Apr  3 15:41:11 2025...
